<?xml version="1.0" encoding="UTF-8"?>
<testsuite name="springboot.web.HelloContollerTest" tests="2" skipped="0" failures="0" errors="0" timestamp="2020-10-02T05:07:27" hostname="DESKTOP-4NT3OE2" time="0.132">
  <properties/>
  <testcase name="checkHello" classname="springboot.web.HelloContollerTest" time="0.06"/>
  <testcase name="checkHelloDto" classname="springboot.web.HelloContollerTest" time="0.071"/>
  <system-out><![CDATA[2020-10-02 14:07:26.869  INFO 6260 --- [    Test worker] .b.t.a.w.s.WebMvcTestContextBootstrapper : Neither @ContextConfiguration nor @ContextHierarchy found for test class [springboot.web.HelloContollerTest], using SpringBootContextLoader
2020-10-02 14:07:26.871  INFO 6260 --- [    Test worker] o.s.t.c.support.AbstractContextLoader    : Could not detect default resource locations for test class [springboot.web.HelloContollerTest]: no resource found for suffixes {-context.xml, Context.groovy}.
2020-10-02 14:07:26.871  INFO 6260 --- [    Test worker] t.c.s.AnnotationConfigContextLoaderUtils : Could not detect default configuration classes for test class [springboot.web.HelloContollerTest]: HelloContollerTest does not declare any static, non-private, non-final, nested classes annotated with @Configuration.
2020-10-02 14:07:26.893  INFO 6260 --- [    Test worker] .b.t.c.SpringBootTestContextBootstrapper : Found @SpringBootConfiguration springboot.Application for test class springboot.web.HelloContollerTest
2020-10-02 14:07:26.893  INFO 6260 --- [    Test worker] .b.t.a.w.s.WebMvcTestContextBootstrapper : Loaded default TestExecutionListener class names from location [META-INF/spring.factories]: [org.springframework.security.test.context.support.WithSecurityContextTestExecutionListener, org.springframework.security.test.context.support.ReactorContextTestExecutionListener, org.springframework.boot.test.autoconfigure.restdocs.RestDocsTestExecutionListener, org.springframework.boot.test.autoconfigure.web.client.MockRestServiceServerResetTestExecutionListener, org.springframework.boot.test.autoconfigure.web.servlet.MockMvcPrintOnlyOnFailureTestExecutionListener, org.springframework.boot.test.autoconfigure.web.servlet.WebDriverTestExecutionListener, org.springframework.boot.test.mock.mockito.MockitoTestExecutionListener, org.springframework.boot.test.mock.mockito.ResetMocksTestExecutionListener, org.springframework.test.context.web.ServletTestExecutionListener, org.springframework.test.context.support.DirtiesContextBeforeModesTestExecutionListener, org.springframework.test.context.support.DependencyInjectionTestExecutionListener, org.springframework.test.context.support.DirtiesContextTestExecutionListener, org.springframework.test.context.transaction.TransactionalTestExecutionListener, org.springframework.test.context.jdbc.SqlScriptsTestExecutionListener]
2020-10-02 14:07:26.895  INFO 6260 --- [    Test worker] .b.t.a.w.s.WebMvcTestContextBootstrapper : Using TestExecutionListeners: [org.springframework.test.context.web.ServletTestExecutionListener@40c9c9af, org.springframework.test.context.support.DirtiesContextBeforeModesTestExecutionListener@3140499b, org.springframework.boot.test.mock.mockito.MockitoTestExecutionListener@716330fe, org.springframework.boot.test.autoconfigure.SpringBootDependencyInjectionTestExecutionListener@4b7268e0, org.springframework.test.context.support.DirtiesContextTestExecutionListener@45785490, org.springframework.test.context.transaction.TransactionalTestExecutionListener@7647d135, org.springframework.test.context.jdbc.SqlScriptsTestExecutionListener@1ecbebc3, org.springframework.security.test.context.support.WithSecurityContextTestExecutionListener@4626a592, org.springframework.security.test.context.support.ReactorContextTestExecutionListener@41fda512, org.springframework.boot.test.autoconfigure.restdocs.RestDocsTestExecutionListener@9fb1a61, org.springframework.boot.test.autoconfigure.web.client.MockRestServiceServerResetTestExecutionListener@48af6d6e, org.springframework.boot.test.autoconfigure.web.servlet.MockMvcPrintOnlyOnFailureTestExecutionListener@3bd65bdc, org.springframework.boot.test.autoconfigure.web.servlet.WebDriverTestExecutionListener@17afbc81, org.springframework.boot.test.mock.mockito.ResetMocksTestExecutionListener@46d69407]

  .   ____          _            __ _ _
 /\\ / ___'_ __ _ _(_)_ __  __ _ \ \ \ \
( ( )\___ | '_ | '_| | '_ \/ _` | \ \ \ \
 \\/  ___)| |_)| | | | | || (_| |  ) ) ) )
  '  |____| .__|_| |_|_| |_\__, | / / / /
 =========|_|==============|___/=/_/_/_/
 :: Spring Boot ::        (v2.1.7.RELEASE)

2020-10-02 14:07:26.930  INFO 6260 --- [    Test worker] springboot.web.HelloContollerTest        : Starting HelloContollerTest on DESKTOP-4NT3OE2 with PID 6260 (started by phcma in C:\Users\phcma\IdeaProjects\website)
2020-10-02 14:07:26.930  INFO 6260 --- [    Test worker] springboot.web.HelloContollerTest        : No active profile set, falling back to default profiles: default
2020-10-02 14:07:27.322  INFO 6260 --- [    Test worker] o.s.s.concurrent.ThreadPoolTaskExecutor  : Initializing ExecutorService 'applicationTaskExecutor'
2020-10-02 14:07:27.346  INFO 6260 --- [    Test worker] o.s.b.a.w.s.WelcomePageHandlerMapping    : Adding welcome page template: index
2020-10-02 14:07:27.512  INFO 6260 --- [    Test worker] .s.s.UserDetailsServiceAutoConfiguration : 

Using generated security password: b7f81d1d-2be0-451e-a509-88027499b2bf

2020-10-02 14:07:27.632  INFO 6260 --- [    Test worker] o.s.s.web.DefaultSecurityFilterChain     : Creating filter chain: any request, [org.springframework.security.web.context.request.async.WebAsyncManagerIntegrationFilter@518cc56, org.springframework.security.web.context.SecurityContextPersistenceFilter@4725aed8, org.springframework.security.web.header.HeaderWriterFilter@48fd7a16, org.springframework.security.web.csrf.CsrfFilter@36da7ecf, org.springframework.security.web.authentication.logout.LogoutFilter@4636fbda, org.springframework.security.web.authentication.UsernamePasswordAuthenticationFilter@6f1a1e9c, org.springframework.security.web.authentication.ui.DefaultLoginPageGeneratingFilter@6ebf17fe, org.springframework.security.web.authentication.ui.DefaultLogoutPageGeneratingFilter@210c754c, org.springframework.security.web.authentication.www.BasicAuthenticationFilter@3a039c50, org.springframework.security.web.savedrequest.RequestCacheAwareFilter@42c447ca, org.springframework.security.web.servletapi.SecurityContextHolderAwareRequestFilter@614aa84e, org.springframework.security.web.authentication.AnonymousAuthenticationFilter@74b9c21, org.springframework.security.web.session.SessionManagementFilter@2d3459c0, org.springframework.security.web.access.ExceptionTranslationFilter@790f8d63, org.springframework.security.web.access.intercept.FilterSecurityInterceptor@502ef923]
2020-10-02 14:07:27.663  INFO 6260 --- [    Test worker] o.s.b.t.m.w.SpringBootMockServletContext : Initializing Spring TestDispatcherServlet ''
2020-10-02 14:07:27.663  INFO 6260 --- [    Test worker] o.s.t.web.servlet.TestDispatcherServlet  : Initializing Servlet ''
2020-10-02 14:07:27.674  INFO 6260 --- [    Test worker] o.s.t.web.servlet.TestDispatcherServlet  : Completed initialization in 11 ms
2020-10-02 14:07:27.694  INFO 6260 --- [    Test worker] springboot.web.HelloContollerTest        : Started HelloContollerTest in 0.796 seconds (JVM running for 8.016)
]]></system-out>
  <system-err><![CDATA[]]></system-err>
</testsuite>
