<?xml version="1.0" encoding="UTF-8"?>
<testsuite name="springboot.web.IndexControllerTest" tests="1" skipped="0" failures="0" errors="0" timestamp="2020-09-21T12:30:55" hostname="DESKTOP-4NT3OE2" time="0.324">
  <properties/>
  <testcase name="loadMainPage" classname="springboot.web.IndexControllerTest" time="0.324"/>
  <system-out><![CDATA[21:30:50.551 [Test worker] DEBUG org.springframework.test.context.junit4.SpringJUnit4ClassRunner - SpringJUnit4ClassRunner constructor called with [class springboot.web.IndexControllerTest]
21:30:50.559 [Test worker] DEBUG org.springframework.test.context.BootstrapUtils - Instantiating CacheAwareContextLoaderDelegate from class [org.springframework.test.context.cache.DefaultCacheAwareContextLoaderDelegate]
21:30:50.568 [Test worker] DEBUG org.springframework.test.context.BootstrapUtils - Instantiating BootstrapContext using constructor [public org.springframework.test.context.support.DefaultBootstrapContext(java.lang.Class,org.springframework.test.context.CacheAwareContextLoaderDelegate)]
21:30:50.581 [Test worker] DEBUG org.springframework.test.context.BootstrapUtils - Instantiating TestContextBootstrapper for test class [springboot.web.IndexControllerTest] from class [org.springframework.boot.test.context.SpringBootTestContextBootstrapper]
21:30:50.593 [Test worker] INFO org.springframework.boot.test.context.SpringBootTestContextBootstrapper - Neither @ContextConfiguration nor @ContextHierarchy found for test class [springboot.web.IndexControllerTest], using SpringBootContextLoader
21:30:50.596 [Test worker] DEBUG org.springframework.test.context.support.AbstractContextLoader - Did not detect default resource location for test class [springboot.web.IndexControllerTest]: class path resource [springboot/web/IndexControllerTest-context.xml] does not exist
21:30:50.596 [Test worker] DEBUG org.springframework.test.context.support.AbstractContextLoader - Did not detect default resource location for test class [springboot.web.IndexControllerTest]: class path resource [springboot/web/IndexControllerTestContext.groovy] does not exist
21:30:50.597 [Test worker] INFO org.springframework.test.context.support.AbstractContextLoader - Could not detect default resource locations for test class [springboot.web.IndexControllerTest]: no resource found for suffixes {-context.xml, Context.groovy}.
21:30:50.597 [Test worker] INFO org.springframework.test.context.support.AnnotationConfigContextLoaderUtils - Could not detect default configuration classes for test class [springboot.web.IndexControllerTest]: IndexControllerTest does not declare any static, non-private, non-final, nested classes annotated with @Configuration.
21:30:50.634 [Test worker] DEBUG org.springframework.test.context.support.ActiveProfilesUtils - Could not find an 'annotation declaring class' for annotation type [org.springframework.test.context.ActiveProfiles] and class [springboot.web.IndexControllerTest]
21:30:50.719 [Test worker] DEBUG org.springframework.context.annotation.ClassPathScanningCandidateComponentProvider - Identified candidate component class: file [C:\Users\phcma\IdeaProjects\website\build\classes\java\main\springboot\Application.class]
21:30:50.721 [Test worker] INFO org.springframework.boot.test.context.SpringBootTestContextBootstrapper - Found @SpringBootConfiguration springboot.Application for test class springboot.web.IndexControllerTest
21:30:50.811 [Test worker] DEBUG org.springframework.boot.test.context.SpringBootTestContextBootstrapper - @TestExecutionListeners is not present for class [springboot.web.IndexControllerTest]: using defaults.
21:30:50.811 [Test worker] INFO org.springframework.boot.test.context.SpringBootTestContextBootstrapper - Loaded default TestExecutionListener class names from location [META-INF/spring.factories]: [org.springframework.boot.test.autoconfigure.restdocs.RestDocsTestExecutionListener, org.springframework.boot.test.autoconfigure.web.client.MockRestServiceServerResetTestExecutionListener, org.springframework.boot.test.autoconfigure.web.servlet.MockMvcPrintOnlyOnFailureTestExecutionListener, org.springframework.boot.test.autoconfigure.web.servlet.WebDriverTestExecutionListener, org.springframework.boot.test.mock.mockito.MockitoTestExecutionListener, org.springframework.boot.test.mock.mockito.ResetMocksTestExecutionListener, org.springframework.test.context.web.ServletTestExecutionListener, org.springframework.test.context.support.DirtiesContextBeforeModesTestExecutionListener, org.springframework.test.context.support.DependencyInjectionTestExecutionListener, org.springframework.test.context.support.DirtiesContextTestExecutionListener, org.springframework.test.context.transaction.TransactionalTestExecutionListener, org.springframework.test.context.jdbc.SqlScriptsTestExecutionListener]
21:30:50.827 [Test worker] INFO org.springframework.boot.test.context.SpringBootTestContextBootstrapper - Using TestExecutionListeners: [org.springframework.test.context.web.ServletTestExecutionListener@586e26ec, org.springframework.test.context.support.DirtiesContextBeforeModesTestExecutionListener@39d05262, org.springframework.boot.test.mock.mockito.MockitoTestExecutionListener@4c838e09, org.springframework.boot.test.autoconfigure.SpringBootDependencyInjectionTestExecutionListener@12116747, org.springframework.test.context.support.DirtiesContextTestExecutionListener@3be17aaf, org.springframework.test.context.transaction.TransactionalTestExecutionListener@196cf3, org.springframework.test.context.jdbc.SqlScriptsTestExecutionListener@50ba593f, org.springframework.boot.test.autoconfigure.restdocs.RestDocsTestExecutionListener@49082730, org.springframework.boot.test.autoconfigure.web.client.MockRestServiceServerResetTestExecutionListener@798c08bc, org.springframework.boot.test.autoconfigure.web.servlet.MockMvcPrintOnlyOnFailureTestExecutionListener@32398d8a, org.springframework.boot.test.autoconfigure.web.servlet.WebDriverTestExecutionListener@30c84953, org.springframework.boot.test.mock.mockito.ResetMocksTestExecutionListener@3871d9dd]
21:30:50.830 [Test worker] DEBUG org.springframework.test.annotation.ProfileValueUtils - Retrieved @ProfileValueSourceConfiguration [null] for test class [springboot.web.IndexControllerTest]
21:30:50.830 [Test worker] DEBUG org.springframework.test.annotation.ProfileValueUtils - Retrieved ProfileValueSource type [class org.springframework.test.annotation.SystemProfileValueSource] for class [springboot.web.IndexControllerTest]
21:30:50.834 [Test worker] DEBUG org.springframework.test.annotation.ProfileValueUtils - Retrieved @ProfileValueSourceConfiguration [null] for test class [springboot.web.IndexControllerTest]
21:30:50.834 [Test worker] DEBUG org.springframework.test.annotation.ProfileValueUtils - Retrieved ProfileValueSource type [class org.springframework.test.annotation.SystemProfileValueSource] for class [springboot.web.IndexControllerTest]
21:30:50.834 [Test worker] DEBUG org.springframework.test.annotation.ProfileValueUtils - Retrieved @ProfileValueSourceConfiguration [null] for test class [springboot.web.IndexControllerTest]
21:30:50.834 [Test worker] DEBUG org.springframework.test.annotation.ProfileValueUtils - Retrieved ProfileValueSource type [class org.springframework.test.annotation.SystemProfileValueSource] for class [springboot.web.IndexControllerTest]
21:30:50.838 [Test worker] DEBUG org.springframework.test.context.support.AbstractDirtiesContextTestExecutionListener - Before test class: context [DefaultTestContext@42cfc599 testClass = IndexControllerTest, testInstance = [null], testMethod = [null], testException = [null], mergedContextConfiguration = [WebMergedContextConfiguration@5b4c3968 testClass = IndexControllerTest, locations = '{}', classes = '{class springboot.Application}', contextInitializerClasses = '[]', activeProfiles = '{}', propertySourceLocations = '{}', propertySourceProperties = '{org.springframework.boot.test.context.SpringBootTestContextBootstrapper=true, server.port=0}', contextCustomizers = set[org.springframework.boot.test.autoconfigure.properties.PropertyMappingContextCustomizer@0, org.springframework.boot.test.autoconfigure.web.servlet.WebDriverContextCustomizerFactory$Customizer@6f8a28a4, org.springframework.boot.test.context.filter.ExcludeFilterContextCustomizer@6f800810, org.springframework.boot.test.json.DuplicateJsonObjectContextCustomizerFactory$DuplicateJsonObjectContextCustomizer@7b8c9eed, org.springframework.boot.test.mock.mockito.MockitoContextCustomizer@0, org.springframework.boot.test.web.client.TestRestTemplateContextCustomizer@21b856f8], resourceBasePath = 'src/main/webapp', contextLoader = 'org.springframework.boot.test.context.SpringBootContextLoader', parent = [null]], attributes = map['org.springframework.test.context.web.ServletTestExecutionListener.activateListener' -> false]], class annotated with @DirtiesContext [false] with mode [null].
21:30:50.838 [Test worker] DEBUG org.springframework.test.annotation.ProfileValueUtils - Retrieved @ProfileValueSourceConfiguration [null] for test class [springboot.web.IndexControllerTest]
21:30:50.838 [Test worker] DEBUG org.springframework.test.annotation.ProfileValueUtils - Retrieved ProfileValueSource type [class org.springframework.test.annotation.SystemProfileValueSource] for class [springboot.web.IndexControllerTest]
21:30:50.842 [Test worker] DEBUG org.springframework.test.context.support.DependencyInjectionTestExecutionListener - Performing dependency injection for test context [[DefaultTestContext@42cfc599 testClass = IndexControllerTest, testInstance = springboot.web.IndexControllerTest@38e875a6, testMethod = [null], testException = [null], mergedContextConfiguration = [WebMergedContextConfiguration@5b4c3968 testClass = IndexControllerTest, locations = '{}', classes = '{class springboot.Application}', contextInitializerClasses = '[]', activeProfiles = '{}', propertySourceLocations = '{}', propertySourceProperties = '{org.springframework.boot.test.context.SpringBootTestContextBootstrapper=true, server.port=0}', contextCustomizers = set[org.springframework.boot.test.autoconfigure.properties.PropertyMappingContextCustomizer@0, org.springframework.boot.test.autoconfigure.web.servlet.WebDriverContextCustomizerFactory$Customizer@6f8a28a4, org.springframework.boot.test.context.filter.ExcludeFilterContextCustomizer@6f800810, org.springframework.boot.test.json.DuplicateJsonObjectContextCustomizerFactory$DuplicateJsonObjectContextCustomizer@7b8c9eed, org.springframework.boot.test.mock.mockito.MockitoContextCustomizer@0, org.springframework.boot.test.web.client.TestRestTemplateContextCustomizer@21b856f8], resourceBasePath = 'src/main/webapp', contextLoader = 'org.springframework.boot.test.context.SpringBootContextLoader', parent = [null]], attributes = map['org.springframework.test.context.web.ServletTestExecutionListener.activateListener' -> false]]].
21:30:50.860 [Test worker] DEBUG org.springframework.test.context.support.TestPropertySourceUtils - Adding inlined properties to environment: {spring.jmx.enabled=false, org.springframework.boot.test.context.SpringBootTestContextBootstrapper=true, server.port=0}

  .   ____          _            __ _ _
 /\\ / ___'_ __ _ _(_)_ __  __ _ \ \ \ \
( ( )\___ | '_ | '_| | '_ \/ _` | \ \ \ \
 \\/  ___)| |_)| | | | | || (_| |  ) ) ) )
  '  |____| .__|_| |_|_| |_\__, | / / / /
 =========|_|==============|___/=/_/_/_/
 :: Spring Boot ::        (v2.1.7.RELEASE)

2020-09-21 21:30:51.110  INFO 7508 --- [    Test worker] springboot.web.IndexControllerTest       : Starting IndexControllerTest on DESKTOP-4NT3OE2 with PID 7508 (started by phcma in C:\Users\phcma\IdeaProjects\website)
2020-09-21 21:30:51.111  INFO 7508 --- [    Test worker] springboot.web.IndexControllerTest       : No active profile set, falling back to default profiles: default
2020-09-21 21:30:51.728  INFO 7508 --- [    Test worker] .s.d.r.c.RepositoryConfigurationDelegate : Bootstrapping Spring Data repositories in DEFAULT mode.
2020-09-21 21:30:51.798  INFO 7508 --- [    Test worker] .s.d.r.c.RepositoryConfigurationDelegate : Finished Spring Data repository scanning in 60ms. Found 1 repository interfaces.
2020-09-21 21:30:52.146  INFO 7508 --- [    Test worker] trationDelegate$BeanPostProcessorChecker : Bean 'org.springframework.transaction.annotation.ProxyTransactionManagementConfiguration' of type [org.springframework.transaction.annotation.ProxyTransactionManagementConfiguration$$EnhancerBySpringCGLIB$$893efa2e] is not eligible for getting processed by all BeanPostProcessors (for example: not eligible for auto-proxying)
2020-09-21 21:30:52.516  INFO 7508 --- [    Test worker] o.s.b.w.embedded.tomcat.TomcatWebServer  : Tomcat initialized with port(s): 0 (http)
2020-09-21 21:30:52.545  INFO 7508 --- [    Test worker] o.apache.catalina.core.StandardService   : Starting service [Tomcat]
2020-09-21 21:30:52.545  INFO 7508 --- [    Test worker] org.apache.catalina.core.StandardEngine  : Starting Servlet engine: [Apache Tomcat/9.0.22]
2020-09-21 21:30:52.698  INFO 7508 --- [    Test worker] o.a.c.c.C.[Tomcat].[localhost].[/]       : Initializing Spring embedded WebApplicationContext
2020-09-21 21:30:52.698  INFO 7508 --- [    Test worker] o.s.web.context.ContextLoader            : Root WebApplicationContext: initialization completed in 1569 ms
2020-09-21 21:30:52.955  INFO 7508 --- [    Test worker] com.zaxxer.hikari.HikariDataSource       : HikariPool-1 - Starting...
2020-09-21 21:30:53.125  INFO 7508 --- [    Test worker] com.zaxxer.hikari.HikariDataSource       : HikariPool-1 - Start completed.
2020-09-21 21:30:53.211  INFO 7508 --- [    Test worker] o.hibernate.jpa.internal.util.LogHelper  : HHH000204: Processing PersistenceUnitInfo [
	name: default
	...]
2020-09-21 21:30:53.292  INFO 7508 --- [    Test worker] org.hibernate.Version                    : HHH000412: Hibernate Core {5.3.10.Final}
2020-09-21 21:30:53.294  INFO 7508 --- [    Test worker] org.hibernate.cfg.Environment            : HHH000206: hibernate.properties not found
2020-09-21 21:30:53.460  INFO 7508 --- [    Test worker] o.hibernate.annotations.common.Version   : HCANN000001: Hibernate Commons Annotations {5.0.4.Final}
2020-09-21 21:30:53.624  INFO 7508 --- [    Test worker] org.hibernate.dialect.Dialect            : HHH000400: Using dialect: org.hibernate.dialect.MySQL57InnoDBDialect
Hibernate: drop table if exists posts
Hibernate: create table posts (id bigint not null auto_increment, created_date datetime(6), modified_date datetime(6), author varchar(255), content TEXT not null, title varchar(500) not null, primary key (id)) engine=InnoDB
2020-09-21 21:30:54.278  INFO 7508 --- [    Test worker] o.h.t.schema.internal.SchemaCreatorImpl  : HHH000476: Executing import script 'org.hibernate.tool.schema.internal.exec.ScriptSourceInputNonExistentImpl@152ce1d'
2020-09-21 21:30:54.281  INFO 7508 --- [    Test worker] j.LocalContainerEntityManagerFactoryBean : Initialized JPA EntityManagerFactory for persistence unit 'default'
2020-09-21 21:30:54.909  INFO 7508 --- [    Test worker] o.s.s.concurrent.ThreadPoolTaskExecutor  : Initializing ExecutorService 'applicationTaskExecutor'
2020-09-21 21:30:54.972  WARN 7508 --- [    Test worker] aWebConfiguration$JpaWebMvcConfiguration : spring.jpa.open-in-view is enabled by default. Therefore, database queries may be performed during view rendering. Explicitly configure spring.jpa.open-in-view to disable this warning
2020-09-21 21:30:55.019  INFO 7508 --- [    Test worker] o.s.b.a.w.s.WelcomePageHandlerMapping    : Adding welcome page template: index
2020-09-21 21:30:55.331  INFO 7508 --- [    Test worker] o.s.b.w.embedded.tomcat.TomcatWebServer  : Tomcat started on port(s): 3601 (http) with context path ''
2020-09-21 21:30:55.334  INFO 7508 --- [    Test worker] springboot.web.IndexControllerTest       : Started IndexControllerTest in 4.471 seconds (JVM running for 5.465)
2020-09-21 21:30:55.524  INFO 7508 --- [o-auto-1-exec-1] o.a.c.c.C.[Tomcat].[localhost].[/]       : Initializing Spring DispatcherServlet 'dispatcherServlet'
2020-09-21 21:30:55.524  INFO 7508 --- [o-auto-1-exec-1] o.s.web.servlet.DispatcherServlet        : Initializing Servlet 'dispatcherServlet'
2020-09-21 21:30:55.550  INFO 7508 --- [o-auto-1-exec-1] o.s.web.servlet.DispatcherServlet        : Completed initialization in 26 ms
]]></system-out>
  <system-err><![CDATA[]]></system-err>
</testsuite>
