<?xml version="1.0" encoding="UTF-8"?>
<testsuite name="springboot.web.dto.HelloResponseDtoTest" tests="1" skipped="0" failures="0" errors="0" timestamp="2020-10-02T05:07:26" hostname="DESKTOP-4NT3OE2" time="0.006">
  <properties/>
  <testcase name="lombokTest" classname="springboot.web.dto.HelloResponseDtoTest" time="0.006"/>
  <system-out><![CDATA[]]></system-out>
  <system-err><![CDATA[]]></system-err>
</testsuite>
